<?xml version="1.0" encoding="UTF-8"?>
<!-- Generated by org.testng.reporters.JUnitReportReporter -->
<testsuite hostname="DESKTOP-GE4970I" failures="0" tests="1" name="tek.api.sqa.tests.GetAccountWithDB" time="7.110" errors="0" timestamp="2023-05-31T21:20:47 EDT" skipped="0">
  <testcase classname="tek.api.sqa.tests.GetAccountWithDB" name="getAccountTestWithDBQuery" time="7.110"/>
  <system-out/>
</testsuite> <!-- tek.api.sqa.tests.GetAccountWithDB -->
