<?xml version="1.0" encoding="UTF-8"?>
<!-- Generated by org.testng.reporters.JUnitReportReporter -->
<testsuite hostname="DESKTOP-GE4970I" failures="0" tests="1" name="tek.api.sqa.tests.CreateAccountTest" time="7.133" errors="0" timestamp="2023-06-01T14:08:13 EDT" skipped="0">
  <testcase classname="tek.api.sqa.tests.CreateAccountTest" name="createAccountValidTest" time="7.133"/>
  <system-out/>
</testsuite> <!-- tek.api.sqa.tests.CreateAccountTest -->
