<?xml version="1.0" encoding="UTF-8"?>
<!-- Generated by org.testng.reporters.JUnitReportReporter -->
<testsuite hostname="DESKTOP-GE4970I" failures="0" tests="1" name="tek.api.sqa.tests.TokenVerifyTest$InvalidTokenTest" time="2.550" errors="0" timestamp="2023-05-30T18:47:45 EDT" skipped="0">
  <testcase classname="tek.api.sqa.tests.TokenVerifyTest$InvalidTokenTest" name="verifyInValidToken" time="2.550"/>
  <system-out/>
</testsuite> <!-- tek.api.sqa.tests.TokenVerifyTest$InvalidTokenTest -->
