<?xml version="1.0" encoding="UTF-8"?>
<!-- Generated by org.testng.reporters.JUnitReportReporter -->
<testsuite hostname="DESKTOP-GE4970I" failures="0" tests="1" name="tek.api.sqa.tests.TokenVerifyTest" time="4.393" errors="0" timestamp="2023-05-30T16:18:38 EDT" skipped="0">
  <testcase classname="tek.api.sqa.tests.TokenVerifyTest" name="verifyInValidToken" time="4.393"/>
  <system-out/>
</testsuite> <!-- tek.api.sqa.tests.TokenVerifyTest -->
