<?xml version="1.0" encoding="UTF-8"?>
<!-- Generated by org.testng.reporters.JUnitReportReporter -->
<testsuite hostname="DESKTOP-GE4970I" failures="0" tests="1" name="tek.api.sqa.tests.SecurityTest" time="4.953" errors="0" timestamp="2023-05-24T21:03:08 EDT" skipped="0">
  <testcase classname="tek.api.sqa.tests.SecurityTest" name="testGenerateTokenInValidUser" time="4.953"/>
  <system-out/>
</testsuite> <!-- tek.api.sqa.tests.SecurityTest -->
